<?xml version="1.0" encoding="UTF-8"?>
<testsuite xmlns:xsi="http://www.w3.org/2001/XMLSchema-instance" xsi:noNamespaceSchemaLocation="https://maven.apache.org/surefire/maven-surefire-plugin/xsd/surefire-test-report.xsd" name="ch.sommesi.mdm_project_two.MdmProjectTwoApplicationTests" time="3.159" tests="1" errors="0" skipped="0" failures="0">
  <properties>
[...]
</properties>
  <testcase name="contextLoads" classname="ch.sommesi.mdm_project_two.MdmProjectTwoApplicationTests" time="0.441"/>
</testsuite>